36 : 6752
15 36 : 6752
0 36 : 6752
0 15 36 : 6752
34 : 405
33 34 : 405
33 : 6791
30 : 7480
24 30 : 7478
18 24 30 : 7478
12 18 24 30 : 6557
0 12 18 24 30 : 6557
0 18 24 30 : 7478
12 24 30 : 6557
0 12 24 30 : 6557
0 24 30 : 7478
18 30 : 7478
12 18 30 : 6557
0 12 18 30 : 6557
0 18 30 : 7478
12 30 : 6557
0 12 30 : 6557
0 30 : 7480
29 : 340
28 29 : 340
27 28 29 : 340
27 29 : 340
28 : 602
27 28 : 602
27 : 1515
24 : 7478
18 24 : 7478
12 18 24 : 6557
0 12 18 24 : 6557
0 18 24 : 7478
12 24 : 6557
0 12 24 : 6557
0 24 : 7478
22 : 583
21 22 : 583
21 : 6578
18 : 7478
12 18 : 6557
0 12 18 : 6557
0 18 : 7478
15 : 6752
0 15 : 6752
12 : 6557
0 12 : 6557
0 : 14255
